2022-06-27 05:53:27,700 WARN com.zaxxer.hikari.pool.HikariPool$HouseKeeper [HikariPool-1 housekeeper] HikariPool-1 - Thread starvation or clock leap detected (housekeeper delta=15h16m19s707ms213µs100ns).
2022-06-27 05:55:52,414 INFO com.cts.eauction.microservices.seller.controller.SellerController [http-nio-8020-exec-6] Executing addNewProduct method with AddNewProductRequest [productName=Test Product121, shortDescription=This is Test Product121's short description, detailedDescription=This is Test Product121's detail description, category=Painting, startingPrice=500, bidEndDate=11/07/2022, firstName=Supratim, lastName=Bhattacharyya, Address=61, Santoshpur Avenue, Kolkata 700075, City=Kolkata, State=West Bengal, Pin=700075, Phone=9825002500, Email=supratim@gmail.com]
2022-06-27 05:55:52,438 INFO com.cts.eauction.microservices.seller.services.SellerService [http-nio-8020-exec-6] Entering registerSeller method with Seller [firstName=Supratim, lastName=Bhattacharyya, Address=61, Santoshpur Avenue, Kolkata 700075, City=Kolkata, State=West Bengal, Pin=700075, Phone=9825002500, Email=supratim@gmail.com]
2022-06-27 05:55:52,493 INFO com.cts.eauction.microservices.seller.services.SellerService [http-nio-8020-exec-6] Seller is saved in database Seller [firstName=Supratim, lastName=Bhattacharyya, Address=61, Santoshpur Avenue, Kolkata 700075, City=Kolkata, State=West Bengal, Pin=700075, Phone=9825002500, Email=supratim@gmail.com]
2022-06-27 05:57:20,701 INFO com.cts.eauction.microservices.seller.controller.SellerController [http-nio-8020-exec-8] Executing removeProductFromAuction method with productId 54
2022-06-27 05:57:28,053 INFO com.netflix.discovery.shared.resolver.aws.ConfigClusterResolver [AsyncResolver-bootstrap-executor-0] Resolving eureka endpoints via configuration
2022-06-27 05:58:27,853 WARN org.springframework.web.servlet.handler.AbstractHandlerExceptionResolver [http-nio-8020-exec-7] Resolved [org.springframework.web.bind.MethodArgumentNotValidException: Validation failed for argument [0] in public com.cts.eauction.microservices.seller.model.Seller com.cts.eauction.microservices.seller.controller.SellerController.addNewProduct(com.cts.eauction.microservices.seller.model.AddNewProductRequest) throws com.cts.eauction.microservices.seller.exception.EauctionHouseException: [Field error in object 'addNewProductRequest' on field 'Email': rejected value [supratimgmail.com]; codes [Email.addNewProductRequest.Email,Email.Email,Email.java.lang.String,Email]; arguments [org.springframework.context.support.DefaultMessageSourceResolvable: codes [addNewProductRequest.Email,Email]; arguments []; default message [Email],[Ljavax.validation.constraints.Pattern$Flag;@1c272e61,^[a-zA-Z0-9+_.-]+@[a-zA-Z0-9.-]+$]; default message [Email address should be a valid email address]] ]
2022-06-27 06:02:28,069 INFO com.netflix.discovery.shared.resolver.aws.ConfigClusterResolver [AsyncResolver-bootstrap-executor-0] Resolving eureka endpoints via configuration
2022-06-27 06:07:28,076 INFO com.netflix.discovery.shared.resolver.aws.ConfigClusterResolver [AsyncResolver-bootstrap-executor-0] Resolving eureka endpoints via configuration
2022-06-27 06:12:28,078 INFO com.netflix.discovery.shared.resolver.aws.ConfigClusterResolver [AsyncResolver-bootstrap-executor-0] Resolving eureka endpoints via configuration
2022-06-27 06:17:28,022 INFO com.netflix.discovery.shared.resolver.aws.ConfigClusterResolver [AsyncResolver-bootstrap-executor-0] Resolving eureka endpoints via configuration
2022-06-27 06:22:27,971 INFO com.netflix.discovery.shared.resolver.aws.ConfigClusterResolver [AsyncResolver-bootstrap-executor-0] Resolving eureka endpoints via configuration
2022-06-27 06:27:27,912 INFO com.netflix.discovery.shared.resolver.aws.ConfigClusterResolver [AsyncResolver-bootstrap-executor-0] Resolving eureka endpoints via configuration
2022-06-27 06:32:27,875 INFO com.netflix.discovery.shared.resolver.aws.ConfigClusterResolver [AsyncResolver-bootstrap-executor-0] Resolving eureka endpoints via configuration
2022-06-27 06:37:27,844 INFO com.netflix.discovery.shared.resolver.aws.ConfigClusterResolver [AsyncResolver-bootstrap-executor-0] Resolving eureka endpoints via configuration
2022-06-27 06:42:27,812 INFO com.netflix.discovery.shared.resolver.aws.ConfigClusterResolver [AsyncResolver-bootstrap-executor-0] Resolving eureka endpoints via configuration
2022-06-27 06:47:27,777 INFO com.netflix.discovery.shared.resolver.aws.ConfigClusterResolver [AsyncResolver-bootstrap-executor-0] Resolving eureka endpoints via configuration
2022-06-27 06:52:27,765 INFO com.netflix.discovery.shared.resolver.aws.ConfigClusterResolver [AsyncResolver-bootstrap-executor-0] Resolving eureka endpoints via configuration
2022-06-27 09:31:41,366 WARN com.zaxxer.hikari.pool.HikariPool$HouseKeeper [HikariPool-1 housekeeper] HikariPool-1 - Thread starvation or clock leap detected (housekeeper delta=2h38m42s983ms415µs).
2022-06-27 15:41:56,240 WARN com.zaxxer.hikari.pool.HikariPool$HouseKeeper [HikariPool-1 housekeeper] HikariPool-1 - Thread starvation or clock leap detected (housekeeper delta=6h10m18s372ms225µs900ns).
2022-06-27 15:45:25,561 INFO com.netflix.discovery.shared.resolver.aws.ConfigClusterResolver [AsyncResolver-bootstrap-executor-0] Resolving eureka endpoints via configuration
2022-06-27 15:50:25,571 INFO com.netflix.discovery.shared.resolver.aws.ConfigClusterResolver [AsyncResolver-bootstrap-executor-0] Resolving eureka endpoints via configuration
2022-06-27 15:55:25,579 INFO com.netflix.discovery.shared.resolver.aws.ConfigClusterResolver [AsyncResolver-bootstrap-executor-0] Resolving eureka endpoints via configuration
